<?xml version="1.0" encoding="UTF-8"?>
<testsuite xmlns:xsi="http://www.w3.org/2001/XMLSchema-instance" xsi:noNamespaceSchemaLocation="https://maven.apache.org/surefire/maven-surefire-plugin/xsd/surefire-test-report.xsd" name="testRunners.UberTest" time="0.664" tests="12" errors="0" skipped="0" failures="0">
  <properties>
[...]
</properties>
  <testcase name="user is trying to book a &quot;sedan&quot; cab with uber" classname="Booking cab Sedan" time="0.009"/>
  <testcase name="user select cartype as &quot;sedan&quot; pick up location as &quot;odisha&quot; and drop location is &quot;kolkata&quot;" classname="Booking cab Sedan" time="0.001"/>
  <testcase name="Driver starts the journey" classname="Booking cab Sedan" time="0.001"/>
  <testcase name="Driver ends the journey" classname="Booking cab Sedan" time="0.004"/>
  <testcase name="user pays 1000 rs" classname="Booking cab Sedan" time="0.003"/>
  <testcase name="Booking cab Sedan" classname="Booking cab Sedan" time="0.004"/>
  <testcase name="user is trying to book a &quot;Minicar&quot; cab with uber" classname="Booking cab Minicar" time="0"/>
  <testcase name="user select cartype as &quot;Minicar&quot; pick up location as &quot;Hyderabad&quot; and drop location is &quot;Bangalore&quot;" classname="Booking cab Minicar" time="0.001"/>
  <testcase name="Driver starts the journey" classname="Booking cab Minicar" time="0.001"/>
  <testcase name="Driver ends the journey" classname="Booking cab Minicar" time="0.003"/>
  <testcase name="user pays 1000 rs" classname="Booking cab Minicar" time="0.001"/>
  <testcase name="Booking cab Minicar" classname="Booking cab Minicar" time="0.002"/>
</testsuite>